<?xml version="1.0" encoding="UTF-8"?>
<testsuite name="AppTest" tests="1" skipped="0" failures="1" errors="0" timestamp="2017-03-11T02:13:22" hostname="zhena-VGN-FW140E" time="0.032">
  <properties/>
  <testcase name="application has a greeting" classname="AppTest" time="0.032">
    <failure message="java.lang.NoClassDefFoundError: App" type="java.lang.NoClassDefFoundError">java.lang.NoClassDefFoundError: App
	at AppTest.application has a greeting(AppTest.groovy:9)
Caused by: java.lang.ClassNotFoundException: App
	at java.net.URLClassLoader.findClass(URLClassLoader.java:381)
	at java.lang.ClassLoader.loadClass(ClassLoader.java:424)
	at sun.misc.Launcher$AppClassLoader.loadClass(Launcher.java:331)
	at java.lang.ClassLoader.loadClass(ClassLoader.java:357)
	... 1 more
</failure>
  </testcase>
  <system-out><![CDATA[]]></system-out>
  <system-err><![CDATA[]]></system-err>
</testsuite>
